<?xml version="1.0" encoding="UTF-8"?>
<!-- Generated by org.testng.reporters.JUnitXMLReporter -->
<testsuite hostname="LAPTOP-V3H3E9CK" ignored="0" name="grouping" tests="3" failures="0" timestamp="16 Dec 2020 12:20:23 GMT" time="0.079" errors="0">
  <testcase name="test1" time="0.016" classname="testNg.GroupsInTestNg"/>
  <testcase name="test2" time="0.008" classname="testNg.GroupsInTestNg"/>
  <testcase name="test3" time="0.004" classname="testNg.GroupsInTestNg"/>
</testsuite> <!-- grouping -->
