<?xml version="1.0" encoding="UTF-8"?>
<!-- Generated by org.testng.reporters.JUnitXMLReporter -->
<testsuite hostname="LAPTOP-V3H3E9CK" ignored="0" name="listener" tests="7" failures="0" timestamp="16 Dec 2020 00:10:53 GMT" time="0.13" errors="0">
  <testcase name="test1" time="0.016" classname="testNg.ListenerTestClas"/>
  <testcase name="test2" time="0.003" classname="testNg.ListenerTestClas">
    <skipped/>
  </testcase> <!-- test2 -->
  <testcase name="test3" time="0.008" classname="testNg.ListenerTestClas"/>
  <testcase name="test3" time="0.016" classname="testNg.ListenerTestClas"/>
  <testcase name="test3" time="0.0" classname="testNg.ListenerTestClas"/>
  <testcase name="test3" time="0.0" classname="testNg.ListenerTestClas"/>
  <testcase name="test3" time="0.0" classname="testNg.ListenerTestClas"/>
</testsuite> <!-- listener -->
