<?xml version="1.0" encoding="UTF-8"?>
<!-- Generated by org.testng.reporters.JUnitXMLReporter -->
<testsuite hostname="LAPTOP-V3H3E9CK" ignored="0" name=" Test listener" tests="9" failures="0" timestamp="16 Dec 2020 12:20:23 GMT" time="0.09" errors="0">
  <testcase name="test1" time="0.003" classname="testNg.ListenerTestClas"/>
  <testcase name="test2" time="0.002" classname="testNg.ListenerTestClas">
    <skipped/>
  </testcase> <!-- test2 -->
  <testcase name="test3" time="0.02" classname="testNg.ListenerTestClas">
    <skipped/>
  </testcase> <!-- test3 -->
  <testcase name="test3" time="0.004" classname="testNg.ListenerTestClas">
    <skipped/>
  </testcase> <!-- test3 -->
  <testcase name="test3" time="0.003" classname="testNg.ListenerTestClas"/>
  <testcase name="test3" time="0.001" classname="testNg.ListenerTestClas"/>
  <testcase name="test3" time="0.003" classname="testNg.ListenerTestClas"/>
  <testcase name="test3" time="0.004" classname="testNg.ListenerTestClas"/>
  <testcase name="test3" time="0.003" classname="testNg.ListenerTestClas"/>
</testsuite> <!--  Test listener -->
