<?xml version="1.0" encoding="UTF-8"?>
<!-- Generated by org.testng.reporters.JUnitXMLReporter -->
<testsuite hostname="LAPTOP-V3H3E9CK" ignored="0" name="Test retry" tests="3" failures="0" timestamp="16 Dec 2020 12:20:24 GMT" time="0.015" errors="0">
  <testcase name="test1" time="0.0" classname="testNg.RetryTest">
    <skipped/>
  </testcase> <!-- test1 -->
  <testcase name="test1" time="0.0" classname="testNg.RetryTest">
    <skipped/>
  </testcase> <!-- test1 -->
  <testcase name="test1" time="0.0" classname="testNg.RetryTest"/>
</testsuite> <!-- Test retry -->
